<?xml version="1.0" encoding="UTF-8"?>
<testng-results ignored="0" total="1" passed="1" failed="0" skipped="0">
  <reporter-output>
  </reporter-output>
  <suite started-at="2020-12-31T11:01:36 ICT" name="Default suite" finished-at="2020-12-31T11:01:50 ICT" duration-ms="14053">
    <groups>
    </groups>
    <test started-at="2020-12-31T11:01:36 ICT" name="Default test" finished-at="2020-12-31T11:01:50 ICT" duration-ms="14053">
      <class name="appiumTest">
        <test-method is-config="true" signature="setUp()[pri:0, instance:appiumTest@36b4fe2a]" started-at="2020-12-31T11:01:36 ICT" name="setUp" finished-at="2020-12-31T11:01:46 ICT" duration-ms="9821" status="PASS">
          <reporter-output>
          </reporter-output>
        </test-method> <!-- setUp -->
        <test-method signature="testCal()[pri:0, instance:appiumTest@36b4fe2a]" started-at="2020-12-31T11:01:46 ICT" name="testCal" finished-at="2020-12-31T11:01:50 ICT" duration-ms="4202" status="PASS">
          <reporter-output>
          </reporter-output>
        </test-method> <!-- testCal -->
        <test-method is-config="true" signature="teardown()[pri:0, instance:appiumTest@36b4fe2a]" started-at="2020-12-31T11:01:50 ICT" name="teardown" finished-at="2020-12-31T11:01:50 ICT" duration-ms="0" status="PASS">
          <reporter-output>
          </reporter-output>
        </test-method> <!-- teardown -->
      </class> <!-- appiumTest -->
    </test> <!-- Default test -->
  </suite> <!-- Default suite -->
</testng-results>
